<?xml version="1.0" encoding="UTF-8"?>
<!-- Generated by org.testng.reporters.JUnitReportReporter -->
<testsuite hostname="LNDB0005" name="com.qait.demo.tests.TestLevel1_SnapDeal_Selenium_Imported_From_IDE_Broken_Needs_To_Be_Fixed" tests="1" failures="0" timestamp="3 Nov 2016 09:37:32 GMT" time="13.867" errors="0">
  <testcase name="testECommerceSite" time="13.867" classname="com.qait.demo.tests.TestLevel1_SnapDeal_Selenium_Imported_From_IDE_Broken_Needs_To_Be_Fixed"/>
</testsuite> <!-- com.qait.demo.tests.TestLevel1_SnapDeal_Selenium_Imported_From_IDE_Broken_Needs_To_Be_Fixed -->
