<?xml version="1.0" encoding="UTF-8"?>
<!-- Generated by org.testng.reporters.JUnitReportReporter -->
<testsuite hostname="LNDB0005" name="com.qait.demo.tests.TestLevel4_IMDbApplication_DSLTest" tests="1" failures="0" timestamp="3 Nov 2016 15:00:00 GMT" time="1.288" errors="0">
  <testcase name="api_search_for_title_should_return_list_of_matching_movies" time="1.288" classname="com.qait.demo.tests.TestLevel4_IMDbApplication_DSLTest"/>
</testsuite> <!-- com.qait.demo.tests.TestLevel4_IMDbApplication_DSLTest -->
